#
# A fatal error has been detected by the Java Runtime Environment:
#
#  EXCEPTION_ACCESS_VIOLATION (0xc0000005) at pc=0x000000005b5b8f45, pid=13432, tid=10824
#
# JRE version: Java(TM) SE Runtime Environment (8.0_91-b14) (build 1.8.0_91-b14)
# Java VM: Java HotSpot(TM) 64-Bit Server VM (25.91-b14 mixed mode windows-amd64 compressed oops)
# Problematic frame:
# V  [jvm.dll+0x128f45]
#
# Failed to write core dump. Minidumps are not enabled by default on client versions of Windows
#
# If you would like to submit a bug report, please visit:
#   http://bugreport.java.com/bugreport/crash.jsp
#

---------------  T H R E A D  ---------------

Current thread (0x0000000016e5b000):  JavaThread "JDWP Transport Listener: dt_socket" daemon [_thread_in_vm, id=10824, stack(0x00000000187e0000,0x00000000188e0000)]

siginfo: ExceptionCode=0xc0000005, reading address 0xffffffffffffffff

Registers:
RAX=0x00000000188df201, RBX=0x0000000016e5b000, RCX=0x7473694c003b6574, RDX=0x0000000000000000
RSP=0x00000000188df200, RBP=0x7473694c003b6574, RSI=0x00000000188df318, RDI=0x000000000057d4e0
R8 =0x0000000016e5b000, R9 =0x0000000000000000, R10=0x0000000000000000, R11=0x0000000000000064
R12=0x0000000000000000, R13=0x0000000016e5bbd8, R14=0x0000000000000000, R15=0x0000000000000000
RIP=0x000000005b5b8f45, EFLAGS=0x0000000000010206

Top of Stack: (sp=0x00000000188df200)
0x00000000188df200:   0000000016e5b000 0000000016e5b000
0x00000000188df210:   00000000188df2c8 000000005b7bf32b
0x00000000188df220:   0000000016e5b000 000000005b7dbb8d
0x00000000188df230:   0000000000000000 000000005c939155
0x00000000188df240:   00000000195f9818 000000005c94291e
0x00000000188df250:   0000000016e5b000 0000000000000000
0x00000000188df260:   0000000000000000 0000000000000000
0x00000000188df270:   7473694c003b6574 000000005c941a15
0x00000000188df280:   00000000188df318 00000000188df2f0
0x00000000188df290:   0000000000000001 00000000195f9818
0x00000000188df2a0:   7473694c003b6574 000000005c9253b3
0x00000000188df2b0:   00000000188df3e0 0000000000000001
0x00000000188df2c0:   0000000000000001 00000000195f9818
0x00000000188df2d0:   0000000000000001 0000000000000000
0x00000000188df2e0:   0000000000000000 0000000000000000
0x00000000188df2f0:   0000000000000001 000000005c925571 

Instructions: (pc=0x000000005b5b8f45)
0x000000005b5b8f25:   cc cc cc cc cc cc cc cc cc cc cc 48 83 ec 28 48
0x000000005b5b8f35:   85 c9 75 07 33 c0 48 83 c4 28 c3 48 89 5c 24 20
0x000000005b5b8f45:   48 8b 19 48 85 db 74 20 48 83 fb 37 74 1a 48 8b
0x000000005b5b8f55:   13 48 8b cb ff 52 10 84 c0 74 0d 48 8b c3 48 8b 


Register to memory mapping:

RAX=0x00000000188df201 is pointing into the stack for thread: 0x0000000016e5b000
RBX=0x0000000016e5b000 is a thread
RCX=0x7473694c003b6574 is an unknown value
RDX=0x0000000000000000 is an unknown value
RSP=0x00000000188df200 is pointing into the stack for thread: 0x0000000016e5b000
RBP=0x7473694c003b6574 is an unknown value
RSI=0x00000000188df318 is pointing into the stack for thread: 0x0000000016e5b000
RDI=0x000000000057d4e0 is an unknown value
R8 =0x0000000016e5b000 is a thread
R9 =0x0000000000000000 is an unknown value
R10=0x0000000000000000 is an unknown value
R11=0x0000000000000064 is an unknown value
R12=0x0000000000000000 is an unknown value
R13=0x0000000016e5bbd8 is an unknown value
R14=0x0000000000000000 is an unknown value
R15=0x0000000000000000 is an unknown value


Stack: [0x00000000187e0000,0x00000000188e0000],  sp=0x00000000188df200,  free space=1020k
Native frames: (J=compiled Java code, j=interpreted, Vv=VM code, C=native code)
V  [jvm.dll+0x128f45]
V  [jvm.dll+0x34bb8d]
C  [jdwp.dll+0x21a15]
C  [jdwp.dll+0x53b3]
C  [jdwp.dll+0x5571]
C  [jdwp.dll+0xf0a8]
C  [jdwp.dll+0x1f2d5]
C  [jdwp.dll+0x1f4aa]
V  [jvm.dll+0x1bbf38]
V  [jvm.dll+0x243ae4]
V  [jvm.dll+0x29a99a]
C  [msvcr100.dll+0x21d9f]
C  [msvcr100.dll+0x21e3b]
C  [KERNEL32.DLL+0x18102]
C  [ntdll.dll+0x5c5b4]


---------------  P R O C E S S  ---------------

Java Threads: ( => current thread )
  0x000000001d827800 JavaThread "http-nio-8080-exec-2" daemon [_thread_blocked, id=13652, stack(0x0000000024630000,0x0000000024730000)]
  0x000000001a8b2800 JavaThread "http-nio-8080-exec-1" daemon [_thread_blocked, id=6952, stack(0x0000000024330000,0x0000000024430000)]
  0x000000001a8b0800 JavaThread "DestroyJavaVM" [_thread_blocked, id=14264, stack(0x0000000002100000,0x0000000002200000)]
  0x000000001a8af800 JavaThread "http-nio-8080-Acceptor-0" daemon [_thread_in_native, id=9736, stack(0x0000000024230000,0x0000000024330000)]
  0x000000001a8ac800 JavaThread "http-nio-8080-ClientPoller-1" daemon [_thread_in_native, id=12800, stack(0x0000000024130000,0x0000000024230000)]
  0x000000001a8b2000 JavaThread "http-nio-8080-ClientPoller-0" daemon [_thread_in_native, id=14268, stack(0x0000000023e50000,0x0000000023f50000)]
  0x000000001a8af000 JavaThread "NioBlockingSelector.BlockPoller-1" daemon [_thread_in_native, id=9276, stack(0x00000000210a0000,0x00000000211a0000)]
  0x000000001a8ad800 JavaThread "Abandoned connection cleanup thread" daemon [_thread_blocked, id=12264, stack(0x0000000020ba0000,0x0000000020ca0000)]
  0x000000001a8b1000 JavaThread "Tomcat JDBC Pool Cleaner[414493378:1462629552755]" daemon [_thread_blocked, id=13328, stack(0x0000000020aa0000,0x0000000020ba0000)]
  0x000000001d386000 JavaThread "container-0" [_thread_blocked, id=14560, stack(0x00000000209a0000,0x0000000020aa0000)]
  0x0000000022697000 JavaThread "ContainerBackgroundProcessor[StandardEngine[Tomcat].StandardHost[localhost].StandardContext[]]" daemon [_thread_blocked, id=5592, stack(0x00000000208a0000,0x00000000209a0000)]
  0x00000000194c0000 JavaThread "RMI TCP Accept-0" daemon [_thread_in_native, id=3900, stack(0x0000000019ce0000,0x0000000019de0000)]
  0x00000000194b6000 JavaThread "RMI TCP Accept-6430" daemon [_thread_in_native, id=13112, stack(0x0000000019be0000,0x0000000019ce0000)]
  0x000000001937a000 JavaThread "RMI TCP Accept-0" daemon [_thread_in_native, id=8748, stack(0x0000000019ae0000,0x0000000019be0000)]
  0x0000000016eae000 JavaThread "Service Thread" daemon [_thread_blocked, id=9048, stack(0x00000000191e0000,0x00000000192e0000)]
  0x0000000016e81800 JavaThread "C1 CompilerThread2" daemon [_thread_blocked, id=15180, stack(0x0000000018ce0000,0x0000000018de0000)]
  0x0000000016e7f000 JavaThread "C2 CompilerThread1" daemon [_thread_blocked, id=6448, stack(0x0000000018be0000,0x0000000018ce0000)]
  0x0000000016e7a000 JavaThread "C2 CompilerThread0" daemon [_thread_blocked, id=7004, stack(0x0000000018ae0000,0x0000000018be0000)]
  0x0000000016e6e000 JavaThread "JDWP Command Reader" daemon [_thread_in_native, id=13908, stack(0x00000000189e0000,0x0000000018ae0000)]
  0x0000000016e6c800 JavaThread "JDWP Event Helper Thread" daemon [_thread_blocked, id=1068, stack(0x00000000188e0000,0x00000000189e0000)]
=>0x0000000016e5b000 JavaThread "JDWP Transport Listener: dt_socket" daemon [_thread_in_vm, id=10824, stack(0x00000000187e0000,0x00000000188e0000)]
  0x0000000016e51000 JavaThread "Attach Listener" daemon [_thread_blocked, id=2624, stack(0x00000000183a0000,0x00000000184a0000)]
  0x0000000016e50000 JavaThread "Signal Dispatcher" daemon [_thread_blocked, id=12228, stack(0x00000000182a0000,0x00000000183a0000)]
  0x000000000237e800 JavaThread "Finalizer" daemon [_thread_blocked, id=9392, stack(0x00000000180c0000,0x00000000181c0000)]
  0x0000000002373000 JavaThread "Reference Handler" daemon [_thread_blocked, id=14848, stack(0x0000000017fc0000,0x00000000180c0000)]

Other Threads:
  0x0000000016e17000 VMThread [stack: 0x0000000017ec0000,0x0000000017fc0000] [id=11988]
  0x00000000194cd800 WatcherThread [stack: 0x0000000019de0000,0x0000000019ee0000] [id=8756]

VM state:not at safepoint (normal execution)

VM Mutex/Monitor currently owned by a thread: None

Heap:
 PSYoungGen      total 225280K, used 168487K [0x00000000d6100000, 0x00000000e4e80000, 0x0000000100000000)
  eden space 212992K, 79% used [0x00000000d6100000,0x00000000e0589ef0,0x00000000e3100000)
  from space 12288K, 0% used [0x00000000e4280000,0x00000000e4280000,0x00000000e4e80000)
  to   space 14336K, 0% used [0x00000000e3280000,0x00000000e3280000,0x00000000e4080000)
 ParOldGen       total 90624K, used 22367K [0x0000000082200000, 0x0000000087a80000, 0x00000000d6100000)
  object space 90624K, 24% used [0x0000000082200000,0x00000000837d7ef8,0x0000000087a80000)
 Metaspace       used 47081K, capacity 47530K, committed 47912K, reserved 1091584K
  class space    used 6014K, capacity 6140K, committed 6184K, reserved 1048576K

Card table byte_map: [0x0000000011740000,0x0000000011b30000] byte_map_base: 0x000000001132f000

Marking Bits: (ParMarkBitMap*) 0x000000005bca2f70
 Begin Bits: [0x00000000121d0000, 0x0000000014148000)
 End Bits:   [0x0000000014148000, 0x00000000160c0000)

Polling page: 0x0000000000520000

CodeCache: size=245760Kb used=14243Kb max_used=14929Kb free=231516Kb
 bounds [0x0000000002380000, 0x0000000003240000, 0x0000000011380000]
 total_blobs=4185 nmethods=3666 adapters=438
 compilation: enabled

Compilation events (10 events):
Event: 259.720 Thread 0x0000000016e81800 4345  s    3       org.apache.tomcat.util.collections.SynchronizedQueue::size (23 bytes)
Event: 259.720 Thread 0x0000000016e81800 nmethod 4345 0x0000000002e8f4d0 code [0x0000000002e8f620, 0x0000000002e8f930]
Event: 326.554 Thread 0x0000000016e81800 4346       3       java.util.TaskQueue::isEmpty (13 bytes)
Event: 326.556 Thread 0x0000000016e81800 nmethod 4346 0x00000000026ae290 code [0x00000000026ae3e0, 0x00000000026ae590]
Event: 335.749 Thread 0x0000000016e81800 4347       3       org.apache.catalina.webresources.CachedResource::getNextCheck (5 bytes)
Event: 335.750 Thread 0x0000000016e81800 nmethod 4347 0x0000000002b9af90 code [0x0000000002b9b0e0, 0x0000000002b9b230]
Event: 395.750 Thread 0x0000000016e81800 4348       1       org.apache.catalina.LifecycleEvent::getType (5 bytes)
Event: 395.750 Thread 0x0000000016e81800 nmethod 4348 0x00000000025e5350 code [0x00000000025e54a0, 0x00000000025e55b0]
Event: 451.554 Thread 0x0000000016e81800 4349       1       org.apache.tomcat.jdbc.pool.ConnectionPool::isClosed (5 bytes)
Event: 451.555 Thread 0x0000000016e81800 nmethod 4349 0x00000000025e4fd0 code [0x00000000025e5120, 0x00000000025e5230]

GC Heap History (10 events):
Event: 3.314 GC heap before
{Heap before GC invocations=6 (full 0):
 PSYoungGen      total 70656K, used 10911K [0x00000000d6100000, 0x00000000df800000, 0x0000000100000000)
  eden space 65536K, 8% used [0x00000000d6100000,0x00000000d66ac098,0x00000000da100000)
  from space 5120K, 99% used [0x00000000da100000,0x00000000da5fbe20,0x00000000da600000)
  to   space 11776K, 0% used [0x00000000dec80000,0x00000000dec80000,0x00000000df800000)
 ParOldGen       total 86016K, used 18701K [0x0000000082200000, 0x0000000087600000, 0x00000000d6100000)
  object space 86016K, 21% used [0x0000000082200000,0x0000000083443580,0x0000000087600000)
 Metaspace       used 20971K, capacity 21118K, committed 21296K, reserved 1069056K
  class space    used 2625K, capacity 2652K, committed 2688K, reserved 1048576K
Event: 3.327 GC heap after
Heap after GC invocations=6 (full 0):
 PSYoungGen      total 142336K, used 5615K [0x00000000d6100000, 0x00000000df900000, 0x0000000100000000)
  eden space 130560K, 0% used [0x00000000d6100000,0x00000000d6100000,0x00000000de080000)
  from space 11776K, 47% used [0x00000000dec80000,0x00000000df1fbd18,0x00000000df800000)
  to   space 12288K, 0% used [0x00000000de080000,0x00000000de080000,0x00000000dec80000)
 ParOldGen       total 86016K, used 18709K [0x0000000082200000, 0x0000000087600000, 0x00000000d6100000)
  object space 86016K, 21% used [0x0000000082200000,0x0000000083445580,0x0000000087600000)
 Metaspace       used 20971K, capacity 21118K, committed 21296K, reserved 1069056K
  class space    used 2625K, capacity 2652K, committed 2688K, reserved 1048576K
}
Event: 3.327 GC heap before
{Heap before GC invocations=7 (full 1):
 PSYoungGen      total 142336K, used 5615K [0x00000000d6100000, 0x00000000df900000, 0x0000000100000000)
  eden space 130560K, 0% used [0x00000000d6100000,0x00000000d6100000,0x00000000de080000)
  from space 11776K, 47% used [0x00000000dec80000,0x00000000df1fbd18,0x00000000df800000)
  to   space 12288K, 0% used [0x00000000de080000,0x00000000de080000,0x00000000dec80000)
 ParOldGen       total 86016K, used 18709K [0x0000000082200000, 0x0000000087600000, 0x00000000d6100000)
  object space 86016K, 21% used [0x0000000082200000,0x0000000083445580,0x0000000087600000)
 Metaspace       used 20971K, capacity 21118K, committed 21296K, reserved 1069056K
  class space    used 2625K, capacity 2652K, committed 2688K, reserved 1048576K
Event: 3.379 GC heap after
Heap after GC invocations=7 (full 1):
 PSYoungGen      total 142336K, used 0K [0x00000000d6100000, 0x00000000df900000, 0x0000000100000000)
  eden space 130560K, 0% used [0x00000000d6100000,0x00000000d6100000,0x00000000de080000)
  from space 11776K, 0% used [0x00000000dec80000,0x00000000dec80000,0x00000000df800000)
  to   space 12288K, 0% used [0x00000000de080000,0x00000000de080000,0x00000000dec80000)
 ParOldGen       total 58880K, used 9624K [0x0000000082200000, 0x0000000085b80000, 0x00000000d6100000)
  object space 58880K, 16% used [0x0000000082200000,0x0000000082b66220,0x0000000085b80000)
 Metaspace       used 20971K, capacity 21118K, committed 21296K, reserved 1069056K
  class space    used 2625K, capacity 2652K, committed 2688K, reserved 1048576K
}
Event: 5.621 GC heap before
{Heap before GC invocations=8 (full 1):
 PSYoungGen      total 142336K, used 130560K [0x00000000d6100000, 0x00000000df900000, 0x0000000100000000)
  eden space 130560K, 100% used [0x00000000d6100000,0x00000000de080000,0x00000000de080000)
  from space 11776K, 0% used [0x00000000dec80000,0x00000000dec80000,0x00000000df800000)
  to   space 12288K, 0% used [0x00000000de080000,0x00000000de080000,0x00000000dec80000)
 ParOldGen       total 58880K, used 9624K [0x0000000082200000, 0x0000000085b80000, 0x00000000d6100000)
  object space 58880K, 16% used [0x0000000082200000,0x0000000082b66220,0x0000000085b80000)
 Metaspace       used 27207K, capacity 27424K, committed 27776K, reserved 1073152K
  class space    used 3364K, capacity 3399K, committed 3456K, reserved 1048576K
Event: 5.638 GC heap after
Heap after GC invocations=8 (full 1):
 PSYoungGen      total 142848K, used 9678K [0x00000000d6100000, 0x00000000e4e80000, 0x0000000100000000)
  eden space 130560K, 0% used [0x00000000d6100000,0x00000000d6100000,0x00000000de080000)
  from space 12288K, 78% used [0x00000000de080000,0x00000000de9f3b60,0x00000000dec80000)
  to   space 12288K, 0% used [0x00000000e4280000,0x00000000e4280000,0x00000000e4e80000)
 ParOldGen       total 58880K, used 9632K [0x0000000082200000, 0x0000000085b80000, 0x00000000d6100000)
  object space 58880K, 16% used [0x0000000082200000,0x0000000082b68220,0x0000000085b80000)
 Metaspace       used 27207K, capacity 27424K, committed 27776K, reserved 1073152K
  class space    used 3364K, capacity 3399K, committed 3456K, reserved 1048576K
}
Event: 6.932 GC heap before
{Heap before GC invocations=9 (full 1):
 PSYoungGen      total 142848K, used 80144K [0x00000000d6100000, 0x00000000e4e80000, 0x0000000100000000)
  eden space 130560K, 53% used [0x00000000d6100000,0x00000000da5d0848,0x00000000de080000)
  from space 12288K, 78% used [0x00000000de080000,0x00000000de9f3b60,0x00000000dec80000)
  to   space 12288K, 0% used [0x00000000e4280000,0x00000000e4280000,0x00000000e4e80000)
 ParOldGen       total 58880K, used 9632K [0x0000000082200000, 0x0000000085b80000, 0x00000000d6100000)
  object space 58880K, 16% used [0x0000000082200000,0x0000000082b68220,0x0000000085b80000)
 Metaspace       used 34979K, capacity 35258K, committed 35496K, reserved 1081344K
  class space    used 4398K, capacity 4490K, committed 4520K, reserved 1048576K
Event: 6.945 GC heap after
Heap after GC invocations=9 (full 1):
 PSYoungGen      total 225280K, used 12277K [0x00000000d6100000, 0x00000000e4e80000, 0x0000000100000000)
  eden space 212992K, 0% used [0x00000000d6100000,0x00000000d6100000,0x00000000e3100000)
  from space 12288K, 99% used [0x00000000e4280000,0x00000000e4e7d588,0x00000000e4e80000)
  to   space 14336K, 0% used [0x00000000e3280000,0x00000000e3280000,0x00000000e4080000)
 ParOldGen       total 58880K, used 11264K [0x0000000082200000, 0x0000000085b80000, 0x00000000d6100000)
  object space 58880K, 19% used [0x0000000082200000,0x0000000082d00150,0x0000000085b80000)
 Metaspace       used 34979K, capacity 35258K, committed 35496K, reserved 1081344K
  class space    used 4398K, capacity 4490K, committed 4520K, reserved 1048576K
}
Event: 6.946 GC heap before
{Heap before GC invocations=10 (full 2):
 PSYoungGen      total 225280K, used 12277K [0x00000000d6100000, 0x00000000e4e80000, 0x0000000100000000)
  eden space 212992K, 0% used [0x00000000d6100000,0x00000000d6100000,0x00000000e3100000)
  from space 12288K, 99% used [0x00000000e4280000,0x00000000e4e7d588,0x00000000e4e80000)
  to   space 14336K, 0% used [0x00000000e3280000,0x00000000e3280000,0x00000000e4080000)
 ParOldGen       total 58880K, used 11264K [0x0000000082200000, 0x0000000085b80000, 0x00000000d6100000)
  object space 58880K, 19% used [0x0000000082200000,0x0000000082d00150,0x0000000085b80000)
 Metaspace       used 34979K, capacity 35258K, committed 35496K, reserved 1081344K
  class space    used 4398K, capacity 4490K, committed 4520K, reserved 1048576K
Event: 7.051 GC heap after
Heap after GC invocations=10 (full 2):
 PSYoungGen      total 225280K, used 0K [0x00000000d6100000, 0x00000000e4e80000, 0x0000000100000000)
  eden space 212992K, 0% used [0x00000000d6100000,0x00000000d6100000,0x00000000e3100000)
  from space 12288K, 0% used [0x00000000e4280000,0x00000000e4280000,0x00000000e4e80000)
  to   space 14336K, 0% used [0x00000000e3280000,0x00000000e3280000,0x00000000e4080000)
 ParOldGen       total 90624K, used 22367K [0x0000000082200000, 0x0000000087a80000, 0x00000000d6100000)
  object space 90624K, 24% used [0x0000000082200000,0x00000000837d7ef8,0x0000000087a80000)
 Metaspace       used 34979K, capacity 35258K, committed 35496K, reserved 1081344K
  class space    used 4398K, capacity 4490K, committed 4520K, reserved 1048576K
}

Deoptimization events (10 events):
Event: 30.596 Thread 0x000000001a8b2800 Uncommon trap: reason=unhandled action=none pc=0x000000000288d7d4 method=java.net.URLClassLoader.findClass(Ljava/lang/String;)Ljava/lang/Class; @ 44
Event: 30.608 Thread 0x000000001a8b2800 Uncommon trap: reason=unhandled action=none pc=0x000000000288d7d4 method=java.net.URLClassLoader.findClass(Ljava/lang/String;)Ljava/lang/Class; @ 44
Event: 30.610 Thread 0x000000001a8b2800 Uncommon trap: reason=unhandled action=none pc=0x000000000288d7d4 method=java.net.URLClassLoader.findClass(Ljava/lang/String;)Ljava/lang/Class; @ 44
Event: 30.611 Thread 0x000000001a8b2800 Uncommon trap: reason=unhandled action=none pc=0x000000000288d7d4 method=java.net.URLClassLoader.findClass(Ljava/lang/String;)Ljava/lang/Class; @ 44
Event: 30.612 Thread 0x000000001a8b2800 Uncommon trap: reason=unhandled action=none pc=0x000000000288d7d4 method=java.net.URLClassLoader.findClass(Ljava/lang/String;)Ljava/lang/Class; @ 44
Event: 30.614 Thread 0x000000001a8b2800 Uncommon trap: reason=unhandled action=none pc=0x000000000288d7d4 method=java.net.URLClassLoader.findClass(Ljava/lang/String;)Ljava/lang/Class; @ 44
Event: 30.615 Thread 0x000000001a8b2800 Uncommon trap: reason=unhandled action=none pc=0x000000000288d7d4 method=java.net.URLClassLoader.findClass(Ljava/lang/String;)Ljava/lang/Class; @ 44
Event: 35.743 Thread 0x0000000022697000 Uncommon trap: reason=unhandled action=none pc=0x000000000288d7d4 method=java.net.URLClassLoader.findClass(Ljava/lang/String;)Ljava/lang/Class; @ 44
Event: 35.744 Thread 0x0000000022697000 Uncommon trap: reason=predicate action=maybe_recompile pc=0x0000000002b23200 method=java.util.AbstractCollection.addAll(Ljava/util/Collection;)Z @ 18
Event: 35.744 Thread 0x0000000022697000 Uncommon trap: reason=unhandled action=none pc=0x000000000288d7d4 method=java.net.URLClassLoader.findClass(Ljava/lang/String;)Ljava/lang/Class; @ 44

Internal exceptions (10 events):
Event: 19.846 Thread 0x000000001a8b2800 Exception <a 'java/lang/ClassNotFoundException': org/springframework/web/servlet/theme/FixedThemeResolverCustomizer> (0x00000000deef3238) thrown at [C:\re\workspace\8-2-build-windows-amd64-cygwin\jdk8u91\6644\hotspot\src\share\vm\classfile\systemDictionaryõi®´Ÿ3@
Event: 19.850 Thread 0x000000001a8b2800 Exception <a 'java/lang/ClassNotFoundException': java/lang/ObjectCustomizer> (0x00000000def183b0) thrown at [C:\re\workspace\8-2-build-windows-amd64-cygwin\jdk8u91\6644\hotspot\src\share\vm\classfile\systemDictionary.cpp, line 210]
Event: 19.851 Thread 0x000000001a8b2800 Exception <a 'java/lang/ClassNotFoundException': org/springframework/web/servlet/view/DefaultRequestToViewNameTranslatorCustomizer> (0x00000000def33518) thrown at [C:\re\workspace\8-2-build-windows-amd64-cygwin\jdk8u91\6644\hotspot\src\share\vm\classfile\s∏€àb‰⁄3@
Event: 19.855 Thread 0x000000001a8b2800 Exception <a 'java/lang/ClassNotFoundException': java/lang/ObjectCustomizer> (0x00000000def7b448) thrown at [C:\re\workspace\8-2-build-windows-amd64-cygwin\jdk8u91\6644\hotspot\src\share\vm\classfile\systemDictionary.cpp, line 210]
Event: 19.856 Thread 0x000000001a8b2800 Exception <a 'java/lang/ClassNotFoundException': org/springframework/web/servlet/support/AbstractFlashMapManagerCustomizer> (0x00000000def94cc8) thrown at [C:\re\workspace\8-2-build-windows-amd64-cygwin\jdk8u91\6644\hotspot\src\share\vm\classfile\systemDicù
^ä€3@
Event: 19.858 Thread 0x000000001a8b2800 Exception <a 'java/lang/ClassNotFoundException': org/springframework/web/servlet/support/SessionFlashMapManagerCustomizer> (0x00000000defb23d0) thrown at [C:\re\workspace\8-2-build-windows-amd64-cygwin\jdk8u91\6644\hotspot\src\share\vm\classfile\systemDict~∆Ó±>@
Event: 30.081 Thread 0x000000001a8b2800 Exception <a 'java/lang/ArrayIndexOutOfBoundsException': 183> (0x00000000df3642b8) thrown at [C:\re\workspace\8-2-build-windows-amd64-cygwin\jdk8u91\6644\hotspot\src\share\vm\interpreter\interpreterRuntime.cpp, line 366]
Event: 30.352 Thread 0x000000001a8b2800 Exception <a 'java/lang/ArrayIndexOutOfBoundsException': 80> (0x00000000dfd948d0) thrown at [C:\re\workspace\8-2-build-windows-amd64-cygwin\jdk8u91\6644\hotspot\src\share\vm\interpreter\interpreterRuntime.cpp, line 366]
Event: 30.394 Thread 0x000000001a8b2800 Exception <a 'java/lang/ArrayIndexOutOfBoundsException': 139> (0x00000000dfed30c8) thrown at [C:\re\workspace\8-2-build-windows-amd64-cygwin\jdk8u91\6644\hotspot\src\share\vm\interpreter\interpreterRuntime.cpp, line 366]
Event: 30.395 Thread 0x000000001a8b2800 Exception <a 'java/lang/ArrayIndexOutOfBoundsException': 83> (0x00000000dfed5248) thrown at [C:\re\workspace\8-2-build-windows-amd64-cygwin\jdk8u91\6644\hotspot\src\share\vm\interpreter\interpreterRuntime.cpp, line 366]

Events (10 events):
Event: 542.756 Executing VM operation: RedefineClasses
Event: 542.782 Executing VM operation: RedefineClasses done
Event: 542.831 Executing VM operation: ChangeBreakpoints
Event: 542.832 Executing VM operation: ChangeBreakpoints done
Event: 551.811 Executing VM operation: RedefineClasses
Event: 551.834 Executing VM operation: RedefineClasses done
Event: 551.884 Executing VM operation: ChangeBreakpoints
Event: 551.886 Executing VM operation: ChangeBreakpoints done
Event: 561.763 Executing VM operation: RedefineClasses
Event: 561.793 Executing VM operation: RedefineClasses done


Dynamic libraries:
0x00007ff7c8ac0000 - 0x00007ff7c8af7000 	C:\Program Files\Java\jre1.8.0_91\bin\javaw.exe
0x00007ffa29700000 - 0x00007ffa298c1000 	C:\WINDOWS\SYSTEM32\ntdll.dll
0x00007ffa29440000 - 0x00007ffa294ed000 	C:\WINDOWS\system32\KERNEL32.DLL
0x00007ffa26060000 - 0x00007ffa26248000 	C:\WINDOWS\system32\KERNELBASE.dll
0x00007ffa27a10000 - 0x00007ffa27ab7000 	C:\WINDOWS\system32\ADVAPI32.dll
0x00007ffa27760000 - 0x00007ffa277fd000 	C:\WINDOWS\system32\msvcrt.dll
0x00007ffa293e0000 - 0x00007ffa2943b000 	C:\WINDOWS\system32\sechost.dll
0x00007ffa27ac0000 - 0x00007ffa27bdc000 	C:\WINDOWS\system32\RPCRT4.dll
0x00007ffa26eb0000 - 0x00007ffa27006000 	C:\WINDOWS\system32\USER32.dll
0x00007ffa27800000 - 0x00007ffa27986000 	C:\WINDOWS\system32\GDI32.dll
0x00007ffa13e60000 - 0x00007ffa140d4000 	C:\WINDOWS\WinSxS\amd64_microsoft.windows.common-controls_6595b64144ccf1df_6.0.10586.0_none_8c15ae12515e1c22\COMCTL32.dll
0x00007ffa26c30000 - 0x00007ffa26ead000 	C:\WINDOWS\system32\combase.dll
0x00007ffa25db0000 - 0x00007ffa25e1a000 	C:\WINDOWS\system32\bcryptPrimitives.dll
0x00007ffa29660000 - 0x00007ffa2969b000 	C:\WINDOWS\system32\IMM32.DLL
0x000000005c980000 - 0x000000005ca52000 	C:\Program Files\Java\jre1.8.0_91\bin\msvcr100.dll
0x000000005b490000 - 0x000000005bd23000 	C:\Program Files\Java\jre1.8.0_91\bin\server\jvm.dll
0x00007ffa29650000 - 0x00007ffa29658000 	C:\WINDOWS\system32\PSAPI.DLL
0x00007ffa23fa0000 - 0x00007ffa23fc3000 	C:\WINDOWS\SYSTEM32\WINMM.dll
0x00007ffa175e0000 - 0x00007ffa175e9000 	C:\WINDOWS\SYSTEM32\WSOCK32.dll
0x00007ffa175f0000 - 0x00007ffa175fa000 	C:\WINDOWS\SYSTEM32\VERSION.dll
0x00007ffa27990000 - 0x00007ffa279fb000 	C:\WINDOWS\system32\WS2_32.dll
0x00000000020d0000 - 0x00000000020fc000 	C:\WINDOWS\SYSTEM32\WINMMBASE.dll
0x00007ffa25fb0000 - 0x00007ffa25ff3000 	C:\WINDOWS\system32\cfgmgr32.dll
0x000000005d0f0000 - 0x000000005d0ff000 	C:\Program Files\Java\jre1.8.0_91\bin\verify.dll
0x000000005d0c0000 - 0x000000005d0e9000 	C:\Program Files\Java\jre1.8.0_91\bin\java.dll
0x000000005c920000 - 0x000000005c955000 	C:\Program Files\Java\jre1.8.0_91\bin\jdwp.dll
0x000000005d360000 - 0x000000005d368000 	C:\Program Files\Java\jre1.8.0_91\bin\npt.dll
0x000000005d0a0000 - 0x000000005d0b6000 	C:\Program Files\Java\jre1.8.0_91\bin\zip.dll
0x00007ffa27e60000 - 0x00007ffa293bc000 	C:\WINDOWS\system32\SHELL32.dll
0x00007ffa26250000 - 0x00007ffa26895000 	C:\WINDOWS\system32\windows.storage.dll
0x00007ffa26bd0000 - 0x00007ffa26c22000 	C:\WINDOWS\system32\shlwapi.dll
0x00007ffa25d90000 - 0x00007ffa25d9f000 	C:\WINDOWS\system32\kernel.appcore.dll
0x00007ffa25ef0000 - 0x00007ffa25fa5000 	C:\WINDOWS\system32\shcore.dll
0x00007ffa25d20000 - 0x00007ffa25d6b000 	C:\WINDOWS\system32\powrprof.dll
0x00007ffa25d70000 - 0x00007ffa25d84000 	C:\WINDOWS\system32\profapi.dll
0x000000005c910000 - 0x000000005c919000 	C:\Program Files\Java\jre1.8.0_91\bin\dt_socket.dll
0x00007ffa133d0000 - 0x00007ffa133e6000 	C:\WINDOWS\system32\napinsp.dll
0x00007ffa13360000 - 0x00007ffa1337a000 	C:\WINDOWS\system32\pnrpnsp.dll
0x00007ffa23050000 - 0x00007ffa23068000 	C:\WINDOWS\system32\NLAapi.dll
0x00007ffa255f0000 - 0x00007ffa2564c000 	C:\WINDOWS\System32\mswsock.dll
0x00007ffa24740000 - 0x00007ffa247ea000 	C:\WINDOWS\SYSTEM32\DNSAPI.dll
0x00007ffa27a00000 - 0x00007ffa27a08000 	C:\WINDOWS\system32\NSI.dll
0x00007ffa12e10000 - 0x00007ffa12e1d000 	C:\WINDOWS\System32\winrnr.dll
0x00007ffa12c50000 - 0x00007ffa12c65000 	C:\WINDOWS\System32\wshbth.dll
0x000000005efc0000 - 0x000000005efe6000 	C:\Program Files\Bonjour\mdnsNSP.dll
0x00007ffa20240000 - 0x00007ffa20278000 	C:\WINDOWS\SYSTEM32\Iphlpapi.DLL
0x00007ffa1c820000 - 0x00007ffa1c887000 	C:\WINDOWS\System32\fwpuclnt.dll
0x00007ffa25c50000 - 0x00007ffa25c79000 	C:\WINDOWS\SYSTEM32\bcrypt.dll
0x00007ffa13930000 - 0x00007ffa1393a000 	C:\Windows\System32\rasadhlp.dll
0x000000005c900000 - 0x000000005c90d000 	C:\Program Files\Java\jre1.8.0_91\bin\management.dll
0x000000005b470000 - 0x000000005b48a000 	C:\Program Files\Java\jre1.8.0_91\bin\net.dll
0x000000005b450000 - 0x000000005b461000 	C:\Program Files\Java\jre1.8.0_91\bin\nio.dll
0x00007ffa256a0000 - 0x00007ffa256b7000 	C:\WINDOWS\SYSTEM32\CRYPTSP.dll
0x00007ffa25330000 - 0x00007ffa25364000 	C:\WINDOWS\system32\rsaenh.dll
0x00007ffa25480000 - 0x00007ffa2549f000 	C:\WINDOWS\SYSTEM32\USERENV.dll
0x00007ffa257c0000 - 0x00007ffa257cb000 	C:\WINDOWS\SYSTEM32\CRYPTBASE.dll
0x00007ffa1fa80000 - 0x00007ffa1fa96000 	C:\WINDOWS\SYSTEM32\dhcpcsvc6.DLL
0x00007ffa1fb00000 - 0x00007ffa1fb1a000 	C:\WINDOWS\SYSTEM32\dhcpcsvc.DLL
0x00007ff9f8c70000 - 0x00007ff9f8dfc000 	C:\WINDOWS\SYSTEM32\dbghelp.dll

VM Arguments:
jvm_args: -agentlib:jdwp=transport=dt_socket,suspend=y,address=localhost:6431 -Dcom.sun.management.jmxremote -Dcom.sun.management.jmxremote.port=6430 -Dcom.sun.management.jmxremote.authenticate=false -Dcom.sun.management.jmxremote.ssl=false -Dspring.liveBeansView.mbeanDomain -Dspring.application.admin.enabled=true -Dfile.encoding=UTF-8 
java_command: com.example.demo.MlTestApplication --spring.output.ansi.enabled=always
java_class_path (initial): C:\Users\Apar\Documents\workspace-sts-3.7.3.RELEASE\mlTest\target\classes;C:\Users\Apar\Documents\libs\mysql-connector-java-5.1.38\mysql-connector-java-5.1.38-bin.jar;C:\Users\Apar\.m2\repository\org\springframework\boot\spring-boot-starter-data-jpa\1.3.3.RELEASE\spring-boot-starter-data-jpa-1.3.3.RELEASE.jar;C:\Users\Apar\.m2\repository\org\springframework\boot\spring-boot-starter\1.3.3.RELEASE\spring-boot-starter-1.3.3.RELEASE.jar;C:\Users\Apar\.m2\repository\org\springframework\boot\spring-boot\1.3.3.RELEASE\spring-boot-1.3.3.RELEASE.jar;C:\Users\Apar\.m2\repository\org\springframework\boot\spring-boot-autoconfigure\1.3.3.RELEASE\spring-boot-autoconfigure-1.3.3.RELEASE.jar;C:\Users\Apar\.m2\repository\org\springframework\boot\spring-boot-starter-logging\1.3.3.RELEASE\spring-boot-starter-logging-1.3.3.RELEASE.jar;C:\Users\Apar\.m2\repository\ch\qos\logback\logback-classic\1.1.5\logback-classic-1.1.5.jar;C:\Users\Apar\.m2\repository\ch\qos\logback\logback-core\1.1.5\logback-core-1.1.5.jar;C:\Users\Apar\.m2\repository\org\slf4j\jul-to-slf4j\1.7.16\jul-to-slf4j-1.7.16.jar;C:\Users\Apar\.m2\repository\org\slf4j\log4j-over-slf4j\1.7.16\log4j-over-slf4j-1.7.16.jar;C:\Users\Apar\.m2\repository\org\yaml\snakeyaml\1.16\snakeyaml-1.16.jar;C:\Users\Apar\.m2\repository\org\springframework\boot\spring-boot-starter-aop\1.3.3.RELEASE\spring-boot-starter-aop-1.3.3.RELEASE.jar;C:\Users\Apar\.m2\repository\org\springframework\spring-aop\4.2.5.RELEASE\spring-aop-4.2.5.RELEASE.jar;C:\Users\Apar\.m2\repository\aopalliance\aopalliance\1.0\aopalliance-1.0.jar;C:\Users\Apar\.m2\repository\org\aspectj\aspectjweaver\1.8.8\aspectjweaver-1.8.8.jar;C:\Users\Apar\.m2\repository\org\springframework\boot\spring-boot-starter-jdbc\1.3.3.RELEASE\spring-boot-starter-jdbc-1.3.3.RELEASE.jar;C:\Users\Apar\.m2\repository\org\apache\tomcat\tomcat-jdbc\8.0.32\tomcat-jdbc-8.0.32.jar;C:\Users\Apar\.m2\repository\org\apache\tomcat\tomcat-juli\8.0.32\tomcat-juli-8.0.32.jar;C:\User
Launcher Type: SUN_STANDARD

Environment Variables:
JAVA_HOME=C:\Program Files\Java\jre1.8.0_73\bin
PATH=C:/Program Files/Java/jre1.8.0_91/bin/server;C:/Program Files/Java/jre1.8.0_91/bin;C:/Program Files/Java/jre1.8.0_91/lib/amd64;C:\ProgramData\Oracle\Java\javapath;C:\Program Files (x86)\Lenovo\FusionEngine;C:\WINDOWS\system32;C:\WINDOWS;C:\WINDOWS\System32\Wbem;C:\WINDOWS\System32\WindowsPowerShell\v1.0\;C:\Program Files (x86)\Common Files\lenovo\easyplussdk\bin;C:\Program Files (x86)\ATI Technologies\ATI.ACE\Core-Static;C:\Program Files\Intel\WiFi\bin\;C:\Program Files\Common Files\Intel\WirelessCommon\;C:\Program Files\Microsoft\Web Platform Installer\;C:\Program Files (x86)\Microsoft ASP.NET\ASP.NET Web Pages\v1.0\;C:\Program Files (x86)\Windows Kits\8.0\Windows Performance Toolkit\;C:\Program Files\Microsoft SQL Server\110\Tools\Binn\;C:\Program Files (x86)\Microsoft SQL Server\100\Tools\Binn\;C:\Program Files\Microsoft SQL Server\100\Tools\Binn\;C:\Program Files\Microsoft SQL Server\100\DTS\Binn\;C:\Program Files (x86)\Microsoft SQL Server\100\Tools\Binn\VSShell\Common7\IDE\;C:\Program Files (x86)\Microsoft SQL Server\100\DTS\Binn\;D:\sts-bundle\sts-3.7.3.RELEASE;
USERNAME=Apar
OS=Windows_NT
PROCESSOR_IDENTIFIER=Intel64 Family 6 Model 78 Stepping 3, GenuineIntel



---------------  S Y S T E M  ---------------

OS: Windows 10.0 , 64 bit Build 10586 (10.0.10586.0)

CPU:total 4 (2 cores per cpu, 2 threads per core) family 6 model 78 stepping 3, cmov, cx8, fxsr, mmx, sse, sse2, sse3, ssse3, sse4.1, sse4.2, popcnt, avx, avx2, aes, clmul, erms, 3dnowpref, lzcnt, ht, tsc, tscinvbit, bmi1, bmi2, adx

Memory: 4k page, physical 8245152k(1508744k free), swap 16384252k(2416304k free)

vm_info: Java HotSpot(TM) 64-Bit Server VM (25.91-b14) for windows-amd64 JRE (1.8.0_91-b14), built on Apr  1 2016 00:58:32 by "java_re" with MS VC++ 10.0 (VS2010)

time: Sat May 07 22:08:28 2016
elapsed time: 561 seconds (0d 0h 9m 21s)

